<?xml version="1.0" encoding="UTF-8"?>
<Site BuildName="Linux-c++"
	BuildStamp="20260224-1419-Experimental"
	Name="linuxpad"
	Generator="ctest-3.28.3"
	CompilerName="/usr/bin/c++"
	CompilerVersion="13.3.0"
	OSName="Linux"
	Hostname="linuxpad"
	OSRelease="6.17.0-14-generic"
	OSVersion="#14~24.04.1-Ubuntu SMP PREEMPT_DYNAMIC Thu Jan 15 15:52:10 UTC 2"
	OSPlatform="x86_64"
	Is64Bits="1"
	VendorString="GenuineIntel"
	VendorID="Intel Corporation"
	FamilyID="6"
	ModelID="142"
	ProcessorCacheSize="6144"
	NumberOfLogicalCPU="8"
	NumberOfPhysicalCPU="4"
	TotalVirtualMemory="2047"
	TotalPhysicalMemory="15649"
	LogicalProcessorsPerPhysical="2"
	ProcessorClockFrequency="2300.09"
	>
	<Testing>
		<StartDateTime>Feb 24 09:19 EST</StartDateTime>
		<StartTestTime>1771942793</StartTestTime>
		<TestList/>
		<EndDateTime>Feb 24 09:19 EST</EndDateTime>
		<EndTestTime>1771942793</EndTestTime>
		<ElapsedMinutes>0</ElapsedMinutes>
	</Testing>
</Site>
